#
# There is insufficient memory for the Java Runtime Environment to continue.
# Native memory allocation (malloc) failed to allocate 1598896 bytes for Chunk::new
# Possible reasons:
#   The system is out of physical RAM or swap space
#   In 32 bit mode, the process size limit was hit
# Possible solutions:
#   Reduce memory load on the system
#   Increase physical memory or swap space
#   Check if swap backing store is full
#   Use 64 bit Java on a 64 bit OS
#   Decrease Java heap size (-Xmx/-Xms)
#   Decrease number of Java threads
#   Decrease Java thread stack sizes (-Xss)
#   Set larger code cache with -XX:ReservedCodeCacheSize=
# This output file may be truncated or incomplete.
#
#  Out of Memory Error (allocation.cpp:390), pid=16160, tid=12152
#
# JRE version: Java(TM) SE Runtime Environment (8.0_74-b02) (build 1.8.0_74-b02)
# Java VM: Java HotSpot(TM) 64-Bit Server VM (25.74-b02 mixed mode windows-amd64 compressed oops)
# Failed to write core dump. Minidumps are not enabled by default on client versions of Windows
#

---------------  T H R E A D  ---------------

Current thread (0x000000001625b800):  JavaThread "C2 CompilerThread0" daemon [_thread_in_native, id=12152, stack(0x0000000017b60000,0x0000000017c60000)]

Stack: [0x0000000017b60000,0x0000000017c60000]
[error occurred during error reporting (printing stack bounds), id 0xc0000005]

Native frames: (J=compiled Java code, j=interpreted, Vv=VM code, C=native code)


Current CompileTask:
C2:   9657 5092       4       groovy.lang.MetaClassImpl::checkIfStdMethod (179 bytes)


---------------  P R O C E S S  ---------------

Java Threads: ( => current thread )
  0x00000000182e7000 JavaThread "pool-2-thread-1" [_thread_blocked, id=7084, stack(0x000000001e140000,0x000000001e240000)]
  0x00000000182e8000 JavaThread "File lock request listener" [_thread_in_native, id=7872, stack(0x000000001dca0000,0x000000001dda0000)]
  0x0000000018eb7800 JavaThread "Stdin handler" [_thread_blocked, id=3716, stack(0x000000001a3f0000,0x000000001a4f0000)]
  0x0000000018ec0000 JavaThread "Asynchronous log dispatcher for org.gradle.launcher.daemon.server.DefaultDaemonConnection@6add0998" [_thread_blocked, id=16284, stack(0x000000001a2f0000,0x000000001a3f0000)]
  0x0000000018eb3000 JavaThread "Daemon worker" [_thread_in_vm, id=14472, stack(0x0000000019ff0000,0x000000001a0f0000)]
  0x0000000018eae000 JavaThread "Cancel handler" [_thread_blocked, id=4320, stack(0x0000000019ef0000,0x0000000019ff0000)]
  0x0000000018d85800 JavaThread "Handler for socket connection from /127.0.0.1:51286 to /127.0.0.1:51287" [_thread_in_native, id=1152, stack(0x0000000019df0000,0x0000000019ef0000)]
  0x0000000018d84800 JavaThread "Daemon" [_thread_blocked, id=15072, stack(0x0000000019cf0000,0x0000000019df0000)]
  0x0000000018c60800 JavaThread "Incoming local TCP Connector on port 51286" [_thread_in_native, id=1372, stack(0x0000000019990000,0x0000000019a90000)]
  0x0000000018e58000 JavaThread "pool-1-thread-1" [_thread_blocked, id=3368, stack(0x0000000018860000,0x0000000018960000)]
  0x00000000175f0800 JavaThread "Service Thread" daemon [_thread_blocked, id=14272, stack(0x0000000017e60000,0x0000000017f60000)]
  0x0000000017570000 JavaThread "C1 CompilerThread2" daemon [_thread_blocked, id=10772, stack(0x0000000017d60000,0x0000000017e60000)]
  0x000000001625d800 JavaThread "C2 CompilerThread1" daemon [_thread_in_native, id=3376, stack(0x0000000017c60000,0x0000000017d60000)]
=>0x000000001625b800 JavaThread "C2 CompilerThread0" daemon [_thread_in_native, id=12152, stack(0x0000000017b60000,0x0000000017c60000)]
  0x0000000017568800 JavaThread "Attach Listener" daemon [_thread_blocked, id=16104, stack(0x0000000017a60000,0x0000000017b60000)]
  0x000000001620e800 JavaThread "Signal Dispatcher" daemon [_thread_blocked, id=14748, stack(0x0000000017960000,0x0000000017a60000)]
  0x00000000161ea800 JavaThread "Finalizer" daemon [_thread_blocked, id=14020, stack(0x0000000017460000,0x0000000017560000)]
  0x000000000287f000 JavaThread "Reference Handler" daemon [_thread_blocked, id=10460, stack(0x0000000017360000,0x0000000017460000)]
  0x0000000002790800 JavaThread "main" [_thread_blocked, id=12072, stack(0x00000000022c0000,0x00000000023c0000)]

Other Threads:
  0x00000000161c8000 VMThread [stack: 0x0000000017260000,0x0000000017360000] [id=15156]
  0x0000000017632000 WatcherThread [stack: 0x0000000017f60000,0x0000000018060000] [id=11852]

VM state:not at safepoint (normal execution)

VM Mutex/Monitor currently owned by a thread: None

Heap:
 PSYoungGen      total 138240K, used 27679K [0x00000000e0000000, 0x00000000e9f00000, 0x0000000100000000)
  eden space 126976K, 13% used [0x00000000e0000000,0x00000000e10d78f0,0x00000000e7c00000)
  from space 11264K, 92% used [0x00000000e7c00000,0x00000000e8630618,0x00000000e8700000)
  to   space 11264K, 0% used [0x00000000e8700000,0x00000000e8700000,0x00000000e9200000)
 ParOldGen       total 65024K, used 14998K [0x00000000a0000000, 0x00000000a3f80000, 0x00000000e0000000)
  object space 65024K, 23% used [0x00000000a0000000,0x00000000a0ea5938,0x00000000a3f80000)
 Metaspace       used 43452K, capacity 44386K, committed 44544K, reserved 1087488K
  class space    used 5911K, capacity 6133K, committed 6144K, reserved 1048576K

Card table byte_map: [0x0000000011c50000,0x0000000011f60000] byte_map_base: 0x0000000011750000

Marking Bits: (ParMarkBitMap*) 0x000000006dab0600
 Begin Bits: [0x0000000012560000, 0x0000000013d60000)
 End Bits:   [0x0000000013d60000, 0x0000000015560000)

Polling page: 0x0000000000aa0000

CodeCache: size=245760Kb used=15644Kb max_used=16175Kb free=230115Kb
 bounds [0x0000000002890000, 0x0000000003890000, 0x0000000011890000]
 total_blobs=5445 nmethods=4745 adapters=610
 compilation: enabled

Compilation events (10 events):
Event: 9.630 Thread 0x0000000017570000 5108       3       com.google.common.collect.LinkedHashMultimap$ValueSet$1::checkForComodification (23 bytes)
Event: 9.630 Thread 0x0000000017570000 nmethod 5108 0x0000000002f49c90 code [0x0000000002f49e00, 0x0000000002f4a068]
Event: 9.630 Thread 0x0000000017570000 5110       1       com.google.common.cache.LocalCache$1::get (2 bytes)
Event: 9.630 Thread 0x0000000017570000 nmethod 5110 0x0000000002c480d0 code [0x0000000002c48220, 0x0000000002c48330]
Event: 9.644 Thread 0x0000000017570000 5114       3       org.gradle.api.internal.tasks.TaskMutator::mutate (35 bytes)
Event: 9.644 Thread 0x0000000017570000 nmethod 5114 0x0000000002e04b90 code [0x0000000002e04d40, 0x0000000002e05268]
Event: 9.644 Thread 0x0000000017570000 5115       1       org.gradle.model.internal.core.DefaultModelRegistration::getPath (5 bytes)
Event: 9.645 Thread 0x0000000017570000 nmethod 5115 0x0000000002d23950 code [0x0000000002d23aa0, 0x0000000002d23bb0]
Event: 9.646 Thread 0x0000000017570000 5117       1       java.lang.invoke.DirectMethodHandle::internalMemberName (5 bytes)
Event: 9.646 Thread 0x0000000017570000 nmethod 5117 0x0000000002db1c50 code [0x0000000002db1da0, 0x0000000002db1eb0]

GC Heap History (10 events):
Event: 5.792 GC heap before
{Heap before GC invocations=7 (full 1):
 PSYoungGen      total 71680K, used 71664K [0x00000000e0000000, 0x00000000e7080000, 0x0000000100000000)
  eden space 66560K, 100% used [0x00000000e0000000,0x00000000e4100000,0x00000000e4100000)
  from space 5120K, 99% used [0x00000000e4100000,0x00000000e45fc128,0x00000000e4600000)
  to   space 10240K, 0% used [0x00000000e6680000,0x00000000e6680000,0x00000000e7080000)
 ParOldGen       total 65024K, used 10805K [0x00000000a0000000, 0x00000000a3f80000, 0x00000000e0000000)
  object space 65024K, 16% used [0x00000000a0000000,0x00000000a0a8d7e0,0x00000000a3f80000)
 Metaspace       used 28064K, capacity 28486K, committed 28672K, reserved 1073152K
  class space    used 3889K, capacity 4035K, committed 4096K, reserved 1048576K
Event: 5.801 GC heap after
Heap after GC invocations=7 (full 1):
 PSYoungGen      total 99840K, used 5590K [0x00000000e0000000, 0x00000000e6e00000, 0x0000000100000000)
  eden space 92160K, 0% used [0x00000000e0000000,0x00000000e0000000,0x00000000e5a00000)
  from space 7680K, 72% used [0x00000000e6680000,0x00000000e6bf5ae0,0x00000000e6e00000)
  to   space 10240K, 0% used [0x00000000e5a00000,0x00000000e5a00000,0x00000000e6400000)
 ParOldGen       total 65024K, used 10813K [0x00000000a0000000, 0x00000000a3f80000, 0x00000000e0000000)
  object space 65024K, 16% used [0x00000000a0000000,0x00000000a0a8f7e0,0x00000000a3f80000)
 Metaspace       used 28064K, capacity 28486K, committed 28672K, reserved 1073152K
  class space    used 3889K, capacity 4035K, committed 4096K, reserved 1048576K
}
Event: 7.417 GC heap before
{Heap before GC invocations=8 (full 1):
 PSYoungGen      total 99840K, used 97750K [0x00000000e0000000, 0x00000000e6e00000, 0x0000000100000000)
  eden space 92160K, 100% used [0x00000000e0000000,0x00000000e5a00000,0x00000000e5a00000)
  from space 7680K, 72% used [0x00000000e6680000,0x00000000e6bf5ae0,0x00000000e6e00000)
  to   space 10240K, 0% used [0x00000000e5a00000,0x00000000e5a00000,0x00000000e6400000)
 ParOldGen       total 65024K, used 10813K [0x00000000a0000000, 0x00000000a3f80000, 0x00000000e0000000)
  object space 65024K, 16% used [0x00000000a0000000,0x00000000a0a8f7e0,0x00000000a3f80000)
 Metaspace       used 33210K, capacity 33862K, committed 34176K, reserved 1079296K
  class space    used 4543K, capacity 4726K, committed 4736K, reserved 1048576K
Event: 7.438 GC heap after
Heap after GC invocations=8 (full 1):
 PSYoungGen      total 102400K, used 10212K [0x00000000e0000000, 0x00000000e9200000, 0x0000000100000000)
  eden space 92160K, 0% used [0x00000000e0000000,0x00000000e0000000,0x00000000e5a00000)
  from space 10240K, 99% used [0x00000000e5a00000,0x00000000e63f9218,0x00000000e6400000)
  to   space 11264K, 0% used [0x00000000e8700000,0x00000000e8700000,0x00000000e9200000)
 ParOldGen       total 65024K, used 10821K [0x00000000a0000000, 0x00000000a3f80000, 0x00000000e0000000)
  object space 65024K, 16% used [0x00000000a0000000,0x00000000a0a917e0,0x00000000a3f80000)
 Metaspace       used 33210K, capacity 33862K, committed 34176K, reserved 1079296K
  class space    used 4543K, capacity 4726K, committed 4736K, reserved 1048576K
}
Event: 7.687 GC heap before
{Heap before GC invocations=9 (full 1):
 PSYoungGen      total 102400K, used 25803K [0x00000000e0000000, 0x00000000e9200000, 0x0000000100000000)
  eden space 92160K, 16% used [0x00000000e0000000,0x00000000e0f39bb0,0x00000000e5a00000)
  from space 10240K, 99% used [0x00000000e5a00000,0x00000000e63f9218,0x00000000e6400000)
  to   space 11264K, 0% used [0x00000000e8700000,0x00000000e8700000,0x00000000e9200000)
 ParOldGen       total 65024K, used 10821K [0x00000000a0000000, 0x00000000a3f80000, 0x00000000e0000000)
  object space 65024K, 16% used [0x00000000a0000000,0x00000000a0a917e0,0x00000000a3f80000)
 Metaspace       used 34620K, capacity 35178K, committed 35496K, reserved 1079296K
  class space    used 4735K, capacity 4860K, committed 4864K, reserved 1048576K
Event: 7.703 GC heap after
Heap after GC invocations=9 (full 1):
 PSYoungGen      total 138240K, used 7903K [0x00000000e0000000, 0x00000000e9f00000, 0x0000000100000000)
  eden space 126976K, 0% used [0x00000000e0000000,0x00000000e0000000,0x00000000e7c00000)
  from space 11264K, 70% used [0x00000000e8700000,0x00000000e8eb7cf0,0x00000000e9200000)
  to   space 11264K, 0% used [0x00000000e7c00000,0x00000000e7c00000,0x00000000e8700000)
 ParOldGen       total 65024K, used 10829K [0x00000000a0000000, 0x00000000a3f80000, 0x00000000e0000000)
  object space 65024K, 16% used [0x00000000a0000000,0x00000000a0a937e0,0x00000000a3f80000)
 Metaspace       used 34620K, capacity 35178K, committed 35496K, reserved 1079296K
  class space    used 4735K, capacity 4860K, committed 4864K, reserved 1048576K
}
Event: 7.703 GC heap before
{Heap before GC invocations=10 (full 2):
 PSYoungGen      total 138240K, used 7903K [0x00000000e0000000, 0x00000000e9f00000, 0x0000000100000000)
  eden space 126976K, 0% used [0x00000000e0000000,0x00000000e0000000,0x00000000e7c00000)
  from space 11264K, 70% used [0x00000000e8700000,0x00000000e8eb7cf0,0x00000000e9200000)
  to   space 11264K, 0% used [0x00000000e7c00000,0x00000000e7c00000,0x00000000e8700000)
 ParOldGen       total 65024K, used 10829K [0x00000000a0000000, 0x00000000a3f80000, 0x00000000e0000000)
  object space 65024K, 16% used [0x00000000a0000000,0x00000000a0a937e0,0x00000000a3f80000)
 Metaspace       used 34620K, capacity 35178K, committed 35496K, reserved 1079296K
  class space    used 4735K, capacity 4860K, committed 4864K, reserved 1048576K
Event: 7.820 GC heap after
Heap after GC invocations=10 (full 2):
 PSYoungGen      total 138240K, used 0K [0x00000000e0000000, 0x00000000e9f00000, 0x0000000100000000)
  eden space 126976K, 0% used [0x00000000e0000000,0x00000000e0000000,0x00000000e7c00000)
  from space 11264K, 0% used [0x00000000e8700000,0x00000000e8700000,0x00000000e9200000)
  to   space 11264K, 0% used [0x00000000e7c00000,0x00000000e7c00000,0x00000000e8700000)
 ParOldGen       total 65024K, used 14926K [0x00000000a0000000, 0x00000000a3f80000, 0x00000000e0000000)
  object space 65024K, 22% used [0x00000000a0000000,0x00000000a0e93928,0x00000000a3f80000)
 Metaspace       used 34620K, capacity 35178K, committed 35496K, reserved 1079296K
  class space    used 4735K, capacity 4860K, committed 4864K, reserved 1048576K
}
Event: 9.307 GC heap before
{Heap before GC invocations=11 (full 2):
 PSYoungGen      total 138240K, used 126976K [0x00000000e0000000, 0x00000000e9f00000, 0x0000000100000000)
  eden space 126976K, 100% used [0x00000000e0000000,0x00000000e7c00000,0x00000000e7c00000)
  from space 11264K, 0% used [0x00000000e8700000,0x00000000e8700000,0x00000000e9200000)
  to   space 11264K, 0% used [0x00000000e7c00000,0x00000000e7c00000,0x00000000e8700000)
 ParOldGen       total 65024K, used 14926K [0x00000000a0000000, 0x00000000a3f80000, 0x00000000e0000000)
  object space 65024K, 22% used [0x00000000a0000000,0x00000000a0e93928,0x00000000a3f80000)
 Metaspace       used 42662K, capacity 43518K, committed 43904K, reserved 1087488K
  class space    used 5788K, capacity 6011K, committed 6016K, reserved 1048576K
Event: 9.330 GC heap after
Heap after GC invocations=11 (full 2):
 PSYoungGen      total 138240K, used 10433K [0x00000000e0000000, 0x00000000e9f00000, 0x0000000100000000)
  eden space 126976K, 0% used [0x00000000e0000000,0x00000000e0000000,0x00000000e7c00000)
  from space 11264K, 92% used [0x00000000e7c00000,0x00000000e8630618,0x00000000e8700000)
  to   space 11264K, 0% used [0x00000000e8700000,0x00000000e8700000,0x00000000e9200000)
 ParOldGen       total 65024K, used 14998K [0x00000000a0000000, 0x00000000a3f80000, 0x00000000e0000000)
  object space 65024K, 23% used [0x00000000a0000000,0x00000000a0ea5938,0x00000000a3f80000)
 Metaspace       used 42662K, capacity 43518K, committed 43904K, reserved 1087488K
  class space    used 5788K, capacity 6011K, committed 6016K, reserved 1048576K
}

Deoptimization events (10 events):
Event: 8.643 Thread 0x0000000018eb3000 Uncommon trap: reason=unstable_if action=reinterpret pc=0x00000000032767c0 method=java.lang.Integer.parseInt(Ljava/lang/String;I)I @ 197
Event: 8.654 Thread 0x0000000018eb3000 Uncommon trap: reason=unstable_if action=reinterpret pc=0x000000000366ea20 method=com.sun.org.apache.xerces.internal.impl.XMLEntityScanner.scanContent(Lcom/sun/org/apache/xerces/internal/xni/XMLString;)I @ 481
Event: 8.660 Thread 0x0000000018eb3000 Uncommon trap: reason=unstable_if action=reinterpret pc=0x000000000366b6c0 method=java.util.regex.Pattern$NotBehind.match(Ljava/util/regex/Matcher;ILjava/lang/CharSequence;)Z @ 128
Event: 9.149 Thread 0x0000000018eb3000 Uncommon trap: reason=bimorphic action=maybe_recompile pc=0x00000000036b8d6c method=java.util.regex.Pattern$GroupTail.match(Ljava/util/regex/Matcher;ILjava/lang/CharSequence;)Z @ 70
Event: 9.149 Thread 0x0000000018eb3000 Uncommon trap: reason=bimorphic action=maybe_recompile pc=0x00000000036b8d6c method=java.util.regex.Pattern$GroupTail.match(Ljava/util/regex/Matcher;ILjava/lang/CharSequence;)Z @ 70
Event: 9.149 Thread 0x0000000018eb3000 Uncommon trap: reason=bimorphic action=maybe_recompile pc=0x00000000036b8d6c method=java.util.regex.Pattern$GroupTail.match(Ljava/util/regex/Matcher;ILjava/lang/CharSequence;)Z @ 70
Event: 9.149 Thread 0x0000000018eb3000 Uncommon trap: reason=bimorphic action=maybe_recompile pc=0x00000000036b8d6c method=java.util.regex.Pattern$GroupTail.match(Ljava/util/regex/Matcher;ILjava/lang/CharSequence;)Z @ 70
Event: 9.257 Thread 0x0000000018eb3000 Uncommon trap: reason=unstable_if action=reinterpret pc=0x000000000380b428 method=java.util.regex.Pattern$GroupTail.match(Ljava/util/regex/Matcher;ILjava/lang/CharSequence;)Z @ 73
Event: 9.444 Thread 0x0000000018eb3000 Uncommon trap: reason=predicate action=maybe_recompile pc=0x0000000002c7e878 method=java.util.AbstractCollection.toArray([Ljava/lang/Object;)[Ljava/lang/Object; @ 49
Event: 9.613 Thread 0x0000000018eb3000 Uncommon trap: reason=unstable_if action=reinterpret pc=0x0000000003392610 method=java.io.WinNTFileSystem.normalizePrefix(Ljava/lang/String;ILjava/lang/StringBuffer;)I @ 62

Internal exceptions (10 events):
Event: 9.594 Thread 0x0000000018eb3000 Exception <a 'java/lang/ClassNotFoundException': com/android/build/gradle/internal/tasks/BaseTaskBeanInfo> (0x00000000e0d1f5b0) thrown at [C:\re\workspace\8-2-build-windows-amd64-cygwin\jdk8u74\6087\hotspot\src\share\vm\classfile\systemDictionary.cpp, lineï¶>–H0#@
Event: 9.594 Thread 0x0000000018eb3000 Exception <a 'java/lang/ClassNotFoundException': com/android/build/gradle/internal/tasks/BaseTaskCustomizer> (0x00000000e0d311d0) thrown at [C:\re\workspace\8-2-build-windows-amd64-cygwin\jdk8u74\6087\hotspot\src\share\vm\classfile\systemDictionary.cpp, liUN’\Ô2#@
Event: 9.599 Thread 0x0000000018eb3000 Exception <a 'java/lang/ClassNotFoundException': com/android/build/gradle/internal/tasks/IncrementalTaskCustomizer> (0x00000000e0d53648) thrown at [C:\re\workspace\8-2-build-windows-amd64-cygwin\jdk8u74\6087\hotspot\src\share\vm\classfile\systemDictionary.k›˛ªõ3#@
Event: 9.601 Thread 0x0000000018eb3000 Exception <a 'java/lang/ClassNotFoundException': com/android/build/gradle/tasks/ManifestProcessorTaskCustomizer> (0x00000000e0d7a350) thrown at [C:\re\workspace\8-2-build-windows-amd64-cygwin\jdk8u74\6087\hotspot\src\share\vm\classfile\systemDictionary.cppl˚÷¿ÿ4#@
Event: 9.603 Thread 0x0000000018eb3000 Exception <a 'java/lang/ClassNotFoundException': com/android/build/gradle/tasks/MergeManifestsCustomizer> (0x00000000e0da5248) thrown at [C:\re\workspace\8-2-build-windows-amd64-cygwin\jdk8u74\6087\hotspot\src\share\vm\classfile\systemDictionary.cpp, line Xœ6#@
Event: 9.607 Thread 0x0000000018eb3000 Exception <a 'java/lang/ClassNotFoundException': com/android/build/gradle/tasks/MergeManifests_DecoratedCustomizer> (0x00000000e0df67f0) thrown at [C:\re\workspace\8-2-build-windows-amd64-cygwin\jdk8u74\6087\hotspot\src\share\vm\classfile\systemDictionary.¡2"Éw?#@
Event: 9.624 Thread 0x0000000018eb3000 Exception <a 'java/lang/ClassNotFoundException': com/android/build/gradle/tasks/GenerateResValues_DecoratedBeanInfo> (0x00000000e0f36d80) thrown at [C:\re\workspace\8-2-build-windows-amd64-cygwin\jdk8u74\6087\hotspot\src\share\vm\classfile\systemDictionary(ëˆ¿æ?#@
Event: 9.625 Thread 0x0000000018eb3000 Exception <a 'java/lang/ClassNotFoundException': com/android/build/gradle/tasks/GenerateResValuesBeanInfo> (0x00000000e0f48938) thrown at [C:\re\workspace\8-2-build-windows-amd64-cygwin\jdk8u74\6087\hotspot\src\share\vm\classfile\systemDictionary.cpp, linei≈±»@#@
Event: 9.625 Thread 0x0000000018eb3000 Exception <a 'java/lang/ClassNotFoundException': com/android/build/gradle/tasks/GenerateResValuesCustomizer> (0x00000000e0f5a560) thrown at [C:\re\workspace\8-2-build-windows-amd64-cygwin\jdk8u74\6087\hotspot\src\share\vm\classfile\systemDictionary.cpp, li¨pﬁ5A#@
Event: 9.627 Thread 0x0000000018eb3000 Exception <a 'java/lang/ClassNotFoundException': com/android/build/gradle/tasks/GenerateResValues_DecoratedCustomizer> (0x00000000e0f83b08) thrown at [C:\re\workspace\8-2-build-windows-amd64-cygwin\jdk8u74\6087\hotspot\src\share\vm\classfile\systemDictiona

Events (10 events):
Event: 9.626 loading class com/android/build/gradle/tasks/GenerateResValues_DecoratedCustomizer
Event: 9.626 loading class com/android/build/gradle/tasks/GenerateResValues_DecoratedCustomizer done
Event: 9.627 loading class com/android/build/gradle/tasks/GenerateResValues_DecoratedCustomizer
Event: 9.627 loading class com/android/build/gradle/tasks/GenerateResValues_DecoratedCustomizer done
Event: 9.627 loading class com/android/build/gradle/tasks/GenerateResValues_DecoratedCustomizer
Event: 9.627 loading class com/android/build/gradle/tasks/GenerateResValues_DecoratedCustomizer done
Event: 9.629 loading class com/android/build/gradle/tasks/RenderscriptCompile$ConfigAction
Event: 9.629 loading class com/android/build/gradle/tasks/RenderscriptCompile$ConfigAction done
Event: 9.646 loading class com/android/build/gradle/internal/core/GradleVariantConfiguration
Event: 9.646 loading class com/android/build/gradle/internal/core/GradleVariantConfiguration done


Dynamic libraries:
0x00007ff6d5480000 - 0x00007ff6d54b7000 	D:\program file\Java\jdk1.8.0_74\bin\java.exe
0x00007ff8cdbe0000 - 0x00007ff8cdda1000 	C:\WINDOWS\SYSTEM32\ntdll.dll
0x00007ff8cd1a0000 - 0x00007ff8cd24d000 	C:\WINDOWS\system32\KERNEL32.DLL
0x00007ff8ca2d0000 - 0x00007ff8ca4b8000 	C:\WINDOWS\system32\KERNELBASE.dll
0x00007ff8cdad0000 - 0x00007ff8cdb77000 	C:\WINDOWS\system32\ADVAPI32.dll
0x00007ff8cd920000 - 0x00007ff8cd9bd000 	C:\WINDOWS\system32\msvcrt.dll
0x00007ff8cda70000 - 0x00007ff8cdacb000 	C:\WINDOWS\system32\sechost.dll
0x00007ff8cc870000 - 0x00007ff8cc98c000 	C:\WINDOWS\system32\RPCRT4.dll
0x00007ff8cafc0000 - 0x00007ff8cb116000 	C:\WINDOWS\system32\USER32.dll
0x00007ff8cb180000 - 0x00007ff8cb306000 	C:\WINDOWS\system32\GDI32.dll
0x00007ff8bad90000 - 0x00007ff8bb004000 	C:\WINDOWS\WinSxS\amd64_microsoft.windows.common-controls_6595b64144ccf1df_6.0.10586.494_none_a2d8b04ea53e3145\COMCTL32.dll
0x00007ff8ccf20000 - 0x00007ff8cd19d000 	C:\WINDOWS\system32\combase.dll
0x00007ff8ca4c0000 - 0x00007ff8ca52a000 	C:\WINDOWS\system32\bcryptPrimitives.dll
0x00007ff8ccaa0000 - 0x00007ff8ccadb000 	C:\WINDOWS\system32\IMM32.DLL
0x000000006db30000 - 0x000000006dc02000 	D:\program file\Java\jdk1.8.0_74\jre\bin\msvcr100.dll
0x000000006d2a0000 - 0x000000006db30000 	D:\program file\Java\jdk1.8.0_74\jre\bin\server\jvm.dll
0x00007ff8ccd90000 - 0x00007ff8ccd98000 	C:\WINDOWS\system32\PSAPI.DLL
0x00007ff8bbd40000 - 0x00007ff8bbd4a000 	C:\WINDOWS\SYSTEM32\VERSION.dll
0x00007ff8c88e0000 - 0x00007ff8c8903000 	C:\WINDOWS\SYSTEM32\WINMM.dll
0x00007ff8bc120000 - 0x00007ff8bc129000 	C:\WINDOWS\SYSTEM32\WSOCK32.dll
0x00007ff8c88b0000 - 0x00007ff8c88dc000 	C:\WINDOWS\SYSTEM32\WINMMBASE.dll
0x00007ff8cd2d0000 - 0x00007ff8cd33b000 	C:\WINDOWS\system32\WS2_32.dll
0x00007ff8ca750000 - 0x00007ff8ca793000 	C:\WINDOWS\system32\cfgmgr32.dll
0x0000000071660000 - 0x000000007166f000 	D:\program file\Java\jdk1.8.0_74\jre\bin\verify.dll
0x00000000713b0000 - 0x00000000713d9000 	D:\program file\Java\jdk1.8.0_74\jre\bin\java.dll
0x0000000071640000 - 0x0000000071656000 	D:\program file\Java\jdk1.8.0_74\jre\bin\zip.dll
0x00007ff8cb310000 - 0x00007ff8cc86c000 	C:\WINDOWS\system32\SHELL32.dll
0x00007ff8ca970000 - 0x00007ff8cafb5000 	C:\WINDOWS\system32\windows.storage.dll
0x00007ff8cd250000 - 0x00007ff8cd2a2000 	C:\WINDOWS\system32\shlwapi.dll
0x00007ff8ca1f0000 - 0x00007ff8ca1ff000 	C:\WINDOWS\system32\kernel.appcore.dll
0x00007ff8ca530000 - 0x00007ff8ca5e5000 	C:\WINDOWS\system32\shcore.dll
0x00007ff8ca220000 - 0x00007ff8ca26b000 	C:\WINDOWS\system32\powrprof.dll
0x00007ff8ca200000 - 0x00007ff8ca214000 	C:\WINDOWS\system32\profapi.dll
0x0000000070ae0000 - 0x0000000070afa000 	D:\program file\Java\jdk1.8.0_74\jre\bin\net.dll
0x00007ff8c9b10000 - 0x00007ff8c9b6c000 	C:\WINDOWS\system32\mswsock.dll
0x0000000070720000 - 0x0000000070731000 	D:\program file\Java\jdk1.8.0_74\jre\bin\nio.dll
0x00007ff8b2140000 - 0x00007ff8b2152000 	C:\Users\ele\.gradle\native\19\windows-amd64\native-platform.dll
0x00007ff8c9bc0000 - 0x00007ff8c9bd7000 	C:\WINDOWS\SYSTEM32\CRYPTSP.dll
0x00007ff8c9850000 - 0x00007ff8c9884000 	C:\WINDOWS\system32\rsaenh.dll
0x00007ff8c9de0000 - 0x00007ff8c9e09000 	C:\WINDOWS\SYSTEM32\bcrypt.dll
0x00007ff8c99a0000 - 0x00007ff8c99bf000 	C:\WINDOWS\SYSTEM32\USERENV.dll
0x00007ff8c9ce0000 - 0x00007ff8c9ceb000 	C:\WINDOWS\SYSTEM32\CRYPTBASE.dll
0x00007ff8c2b60000 - 0x00007ff8c2b98000 	C:\WINDOWS\SYSTEM32\IPHLPAPI.DLL
0x00007ff8ccbb0000 - 0x00007ff8ccbb8000 	C:\WINDOWS\system32\NSI.dll
0x00007ff8c22b0000 - 0x00007ff8c22c6000 	C:\WINDOWS\SYSTEM32\dhcpcsvc6.DLL
0x00007ff8c2280000 - 0x00007ff8c229a000 	C:\WINDOWS\SYSTEM32\dhcpcsvc.DLL
0x0000000070710000 - 0x000000007071d000 	D:\program file\Java\jdk1.8.0_74\jre\bin\management.dll

VM Arguments:
jvm_args: -Xmx1536m -Dfile.encoding=GBK -Duser.country=CN -Duser.language=zh -Duser.variant 
java_command: org.gradle.launcher.daemon.bootstrap.GradleDaemon 2.14.1
java_class_path (initial): D:\program file\Android\android-studio\gradle\gradle-2.14.1\lib\gradle-launcher-2.14.1.jar
Launcher Type: SUN_STANDARD

Environment Variables:
JAVA_HOME=D:\program file\Java\jdk1.8.0_74
CLASSPATH=.;..;D:\test\TIJ4-Solutions\code;
PATH=C:\Program Files (x86)\Intel\iCLS Client\;C:\Program Files\Intel\iCLS Client\;C:\ProgramData\Oracle\Java\javapath;C:\WINDOWS\system32;C:\WINDOWS;C:\WINDOWS\System32\Wbem;C:\WINDOWS\System32\WindowsPowerShell\v1.0\;C:\Program Files\Intel\WiFi\bin\;C:\Program Files\Common Files\Intel\WirelessCommon\;C:\Program Files (x86)\AMD\ATI.ACE\Core-Static;D:\program file\Java\jdk1.8.0_112\bin;D:\program file\Java\jdk1.8.0_112\jre\bin;C:\Program Files\Intel\Intel(R) Management Engine Components\DAL;C:\Program Files (x86)\Intel\Intel(R) Management Engine Components\DAL;C:\Program Files\Intel\Intel(R) Management Engine Components\IPT;C:\Program Files (x86)\Intel\Intel(R) Management Engine Components\IPT;C:\Program Files\mysql-5.7.16-winx64\bin;C:\Program Files\Intel\WiFi\bin\;C:\Program Files\Common Files\Intel\WirelessCommon\;C:\Program Files\mysql-5.7.16-winx64\bin
USERNAME=ele
OS=Windows_NT
PROCESSOR_IDENTIFIER=Intel64 Family 6 Model 61 Stepping 4, GenuineIntel



---------------  S Y S T E M  ---------------

OS: Windows 10.0 , 64 bit Build 10586 (10.0.10586.0)

CPU:total 4 (2 cores per cpu, 2 threads per core) family 6 model 61 stepping 4, cmov, cx8, fxsr, mmx, sse, sse2, sse3, ssse3, sse4.1, sse4.2, popcnt, avx, avx2, aes, clmul, erms, rtm, 3dnowpref, lzcnt, ht, tsc, tscinvbit, bmi1, bmi2, adx

Memory: 4k page, physical 8292268k(964400k free), swap 8292268k(6532k free)

vm_info: Java HotSpot(TM) 64-Bit Server VM (25.74-b02) for windows-amd64 JRE (1.8.0_74-b02), built on Jan 29 2016 17:42:36 by "java_re" with MS VC++ 10.0 (VS2010)

time: Wed Nov 23 15:02:53 2016
elapsed time: 9 seconds (0d 0h 0m 9s)

