#
# There is insufficient memory for the Java Runtime Environment to continue.
# Native memory allocation (malloc) failed to allocate 346736 bytes for Chunk::new
# Possible reasons:
#   The system is out of physical RAM or swap space
#   In 32 bit mode, the process size limit was hit
# Possible solutions:
#   Reduce memory load on the system
#   Increase physical memory or swap space
#   Check if swap backing store is full
#   Use 64 bit Java on a 64 bit OS
#   Decrease Java heap size (-Xmx/-Xms)
#   Decrease number of Java threads
#   Decrease Java thread stack sizes (-Xss)
#   Set larger code cache with -XX:ReservedCodeCacheSize=
# This output file may be truncated or incomplete.
#
#  Out of Memory Error (allocation.cpp:390), pid=14132, tid=3616
#
# JRE version: Java(TM) SE Runtime Environment (8.0_74-b02) (build 1.8.0_74-b02)
# Java VM: Java HotSpot(TM) 64-Bit Server VM (25.74-b02 mixed mode windows-amd64 compressed oops)
# Failed to write core dump. Minidumps are not enabled by default on client versions of Windows
#

---------------  T H R E A D  ---------------

Current thread (0x0000000016c1d000):  JavaThread "C2 CompilerThread1" daemon [_thread_in_native, id=3616, stack(0x0000000018620000,0x0000000018720000)]

Stack: [0x0000000018620000,0x0000000018720000]
[error occurred during error reporting (printing stack bounds), id 0xc0000005]

Native frames: (J=compiled Java code, j=interpreted, Vv=VM code, C=native code)


Current CompileTask:
C2: 249133 10046       4       com.sun.org.apache.xerces.internal.dom.CoreDocumentImpl::setUserData (179 bytes)


---------------  P R O C E S S  ---------------

Java Threads: ( => current thread )
  0x000000001cbb8000 JavaThread "stdout" daemon [_thread_in_native, id=7036, stack(0x0000000025e60000,0x0000000025f60000)]
  0x000000001cbbe000 JavaThread "stderr" daemon [_thread_in_native, id=11080, stack(0x0000000025d60000,0x0000000025e60000)]
  0x000000001cbbd000 JavaThread "stdout" daemon [_thread_in_native, id=13140, stack(0x0000000025c60000,0x0000000025d60000)]
  0x000000001cbbc800 JavaThread "stderr" daemon [_thread_in_native, id=10596, stack(0x0000000025b60000,0x0000000025c60000)]
  0x000000001cbba000 JavaThread "stdout" daemon [_thread_in_native, id=13376, stack(0x0000000025a60000,0x0000000025b60000)]
  0x000000001cbb0800 JavaThread "stderr" daemon [_thread_in_native, id=13560, stack(0x0000000025960000,0x0000000025a60000)]
  0x000000001cbb7000 JavaThread "stdout" daemon [_thread_in_native, id=5816, stack(0x0000000025860000,0x0000000025960000)]
  0x000000001cbaf800 JavaThread "stderr" daemon [_thread_in_native, id=3264, stack(0x0000000025760000,0x0000000025860000)]
  0x000000001cbb6800 JavaThread "stdout" daemon [_thread_in_native, id=7084, stack(0x0000000025660000,0x0000000025760000)]
  0x000000001cbb5000 JavaThread "stderr" daemon [_thread_in_native, id=13852, stack(0x0000000025560000,0x0000000025660000)]
  0x000000001cbb2800 JavaThread "stdout" daemon [_thread_in_native, id=11596, stack(0x0000000025460000,0x0000000025560000)]
  0x000000001cbb4000 JavaThread "stderr" daemon [_thread_in_native, id=11776, stack(0x0000000025360000,0x0000000025460000)]
  0x000000001cbb5800 JavaThread "stdout" daemon [_thread_in_native, id=7692, stack(0x0000000025260000,0x0000000025360000)]
  0x000000001cbb2000 JavaThread "stderr" daemon [_thread_in_native, id=7528, stack(0x0000000025160000,0x0000000025260000)]
  0x000000001cbaf000 JavaThread "stdout" daemon [_thread_in_native, id=7044, stack(0x0000000025060000,0x0000000025160000)]
  0x000000001cbb1000 JavaThread "stderr" daemon [_thread_in_native, id=14460, stack(0x0000000024f60000,0x0000000025060000)]
  0x000000001cbb3800 JavaThread "stdout" daemon [_thread_in_native, id=14464, stack(0x0000000024e60000,0x0000000024f60000)]
  0x0000000018bf2000 JavaThread "stderr" daemon [_thread_in_native, id=14768, stack(0x0000000024d60000,0x0000000024e60000)]
  0x0000000018bf0800 JavaThread "stdout" daemon [_thread_in_native, id=13940, stack(0x0000000024c60000,0x0000000024d60000)]
  0x0000000018bf4800 JavaThread "stderr" daemon [_thread_in_native, id=13860, stack(0x0000000024b60000,0x0000000024c60000)]
  0x0000000018bf6800 JavaThread "png-cruncher_15" daemon [_thread_blocked, id=13548, stack(0x0000000024a60000,0x0000000024b60000)]
  0x0000000018bf3800 JavaThread "png-cruncher_14" daemon [_thread_blocked, id=7392, stack(0x0000000024960000,0x0000000024a60000)]
  0x0000000018bf3000 JavaThread "png-cruncher_13" daemon [_thread_blocked, id=1812, stack(0x0000000024860000,0x0000000024960000)]
  0x0000000019514800 JavaThread "png-cruncher_12" daemon [_thread_blocked, id=9308, stack(0x0000000024760000,0x0000000024860000)]
  0x0000000019513800 JavaThread "png-cruncher_11" daemon [_thread_blocked, id=14400, stack(0x0000000024660000,0x0000000024760000)]
  0x0000000019513000 JavaThread "png-cruncher_10" daemon [_thread_blocked, id=12672, stack(0x0000000024560000,0x0000000024660000)]
  0x0000000019512000 JavaThread "png-cruncher_9" daemon [_thread_blocked, id=4996, stack(0x0000000024460000,0x0000000024560000)]
  0x0000000019511800 JavaThread "png-cruncher_8" daemon [_thread_blocked, id=1064, stack(0x0000000024360000,0x0000000024460000)]
  0x000000001950e800 JavaThread "png-cruncher_7" daemon [_thread_blocked, id=11916, stack(0x0000000024260000,0x0000000024360000)]
  0x0000000019510800 JavaThread "png-cruncher_6" daemon [_thread_blocked, id=14560, stack(0x0000000024160000,0x0000000024260000)]
  0x0000000018bf7800 JavaThread "pool-6-thread-1" [_thread_in_native, id=13828, stack(0x0000000023660000,0x0000000023760000)]
  0x0000000018bf6000 JavaThread "pool-5-thread-4" [_thread_blocked, id=4424, stack(0x0000000023060000,0x0000000023160000)]
  0x0000000018bf1800 JavaThread "pool-5-thread-3" [_thread_blocked, id=10452, stack(0x0000000022f60000,0x0000000023060000)]
  0x0000000018bf5000 JavaThread "pool-5-thread-2" [_thread_blocked, id=12040, stack(0x0000000022e60000,0x0000000022f60000)]
  0x0000000018be9000 JavaThread "pool-5-thread-1" [_thread_blocked, id=12012, stack(0x0000000022d60000,0x0000000022e60000)]
  0x0000000018bf0000 JavaThread "Stdin handler" [_thread_blocked, id=10476, stack(0x0000000022c60000,0x0000000022d60000)]
  0x0000000018be8000 JavaThread "Asynchronous log dispatcher for org.gradle.launcher.daemon.server.DefaultDaemonConnection@7d9d2da3" [_thread_blocked, id=5168, stack(0x0000000022b60000,0x0000000022c60000)]
  0x0000000018bed800 JavaThread "Daemon worker Thread 2" [_thread_in_native, id=13484, stack(0x0000000022a60000,0x0000000022b60000)]
  0x0000000018bee800 JavaThread "Cancel handler" [_thread_blocked, id=6016, stack(0x0000000022960000,0x0000000022a60000)]
  0x0000000018bed000 JavaThread "Handler for socket connection from /127.0.0.1:50108 to /127.0.0.1:50372" [_thread_in_native, id=13952, stack(0x0000000022860000,0x0000000022960000)]
  0x0000000018bec000 JavaThread "Daemon Thread 2" [_thread_blocked, id=14716, stack(0x0000000022760000,0x0000000022860000)]
  0x0000000018beb800 JavaThread "pool-2-thread-1" [_thread_blocked, id=6860, stack(0x000000001e9c0000,0x000000001eac0000)]
  0x0000000019515000 JavaThread "File lock request listener" [_thread_in_native, id=4368, stack(0x000000001c2c0000,0x000000001c3c0000)]
  0x000000001950f000 JavaThread "Incoming local TCP Connector on port 50108" [_thread_in_native, id=5336, stack(0x000000001a3f0000,0x000000001a4f0000)]
  0x0000000019510000 JavaThread "pool-1-thread-1" [_thread_blocked, id=11908, stack(0x000000001a2f0000,0x000000001a3f0000)]
  0x0000000017fa9000 JavaThread "Service Thread" daemon [_thread_blocked, id=15240, stack(0x0000000018820000,0x0000000018920000)]
  0x0000000016c1e000 JavaThread "C1 CompilerThread2" daemon [_thread_blocked, id=14688, stack(0x0000000018720000,0x0000000018820000)]
=>0x0000000016c1d000 JavaThread "C2 CompilerThread1" daemon [_thread_in_native, id=3616, stack(0x0000000018620000,0x0000000018720000)]
  0x0000000016c1b800 JavaThread "C2 CompilerThread0" daemon [_thread_blocked, id=12460, stack(0x0000000018520000,0x0000000018620000)]
  0x0000000017f28800 JavaThread "Attach Listener" daemon [_thread_blocked, id=4148, stack(0x0000000018420000,0x0000000018520000)]
  0x0000000016bcf000 JavaThread "Signal Dispatcher" daemon [_thread_blocked, id=9764, stack(0x0000000018320000,0x0000000018420000)]
  0x000000000324b800 JavaThread "Finalizer" daemon [_thread_blocked, id=11084, stack(0x0000000017e20000,0x0000000017f20000)]
  0x0000000003241000 JavaThread "Reference Handler" daemon [_thread_blocked, id=10364, stack(0x0000000017d20000,0x0000000017e20000)]
  0x0000000003150800 JavaThread "main" [_thread_blocked, id=2252, stack(0x0000000003050000,0x0000000003150000)]

Other Threads:
  0x0000000016b88000 VMThread [stack: 0x0000000017c20000,0x0000000017d20000] [id=11300]
  0x0000000018009800 WatcherThread [stack: 0x0000000018920000,0x0000000018a20000] [id=5748]

VM state:not at safepoint (normal execution)

VM Mutex/Monitor currently owned by a thread: None

Heap:
 PSYoungGen      total 188928K, used 91189K [0x00000000e0000000, 0x00000000eec00000, 0x0000000100000000)
  eden space 168448K, 47% used [0x00000000e0000000,0x00000000e4dc84a8,0x00000000ea480000)
  from space 20480K, 56% used [0x00000000ea480000,0x00000000eafc5060,0x00000000eb880000)
  to   space 19968K, 0% used [0x00000000ed880000,0x00000000ed880000,0x00000000eec00000)
 ParOldGen       total 101888K, used 44584K [0x00000000a0000000, 0x00000000a6380000, 0x00000000e0000000)
  object space 101888K, 43% used [0x00000000a0000000,0x00000000a2b8a288,0x00000000a6380000)
 Metaspace       used 58738K, capacity 61165K, committed 61312K, reserved 1101824K
  class space    used 8001K, capacity 8516K, committed 8576K, reserved 1048576K

Card table byte_map: [0x0000000012610000,0x0000000012920000] byte_map_base: 0x0000000012110000

Marking Bits: (ParMarkBitMap*) 0x000000006dab0600
 Begin Bits: [0x0000000012f20000, 0x0000000014720000)
 End Bits:   [0x0000000014720000, 0x0000000015f20000)

Polling page: 0x00000000015a0000

CodeCache: size=245760Kb used=29665Kb max_used=29676Kb free=216094Kb
 bounds [0x0000000003250000, 0x0000000004f70000, 0x0000000012250000]
 total_blobs=9408 nmethods=8684 adapters=634
 compilation: enabled

Compilation events (10 events):
Event: 248.923 Thread 0x0000000016c1e000 nmethod 10041 0x0000000004f634d0 code [0x0000000004f63780, 0x0000000004f648f8]
Event: 248.945 Thread 0x0000000016c1e000 10042       3       com.google.common.cache.LocalCache$Segment::drainRecencyQueue (45 bytes)
Event: 248.946 Thread 0x0000000016c1e000 nmethod 10042 0x0000000004f606d0 code [0x0000000004f60880, 0x0000000004f60e88]
Event: 248.975 Thread 0x0000000016c1b800 10043       4       com.android.build.gradle.internal.LoggerWrapper::verbose (59 bytes)
Event: 248.976 Thread 0x0000000016c1d000 10044       4       java.util.concurrent.LinkedBlockingDeque::unlinkFirst (74 bytes)
Event: 248.977 Thread 0x0000000016c1b800 nmethod 10043 0x0000000004f681d0 code [0x0000000004f68320, 0x0000000004f68458]
Event: 248.980 Thread 0x0000000016c1d000 nmethod 10044 0x0000000004f66750 code [0x0000000004f668a0, 0x0000000004f66aa8]
Event: 248.997 Thread 0x0000000016c1b800 10045       4       com.android.build.gradle.internal.aapt.AaptGradleFactory$FilteringLogger::verbose (12 bytes)
Event: 248.999 Thread 0x0000000016c1b800 nmethod 10045 0x0000000004f66150 code [0x0000000004f662a0, 0x0000000004f66438]
Event: 249.010 Thread 0x0000000016c1d000 10046       4       com.sun.org.apache.xerces.internal.dom.CoreDocumentImpl::setUserData (179 bytes)

GC Heap History (10 events):
Event: 11.896 GC heap before
{Heap before GC invocations=12 (full 2):
 PSYoungGen      total 142848K, used 142847K [0x00000000e0000000, 0x00000000ebb80000, 0x0000000100000000)
  eden space 131584K, 100% used [0x00000000e0000000,0x00000000e8080000,0x00000000e8080000)
  from space 11264K, 99% used [0x00000000e8080000,0x00000000e8b7fc90,0x00000000e8b80000)
  to   space 12800K, 0% used [0x00000000eaf00000,0x00000000eaf00000,0x00000000ebb80000)
 ParOldGen       total 101888K, used 16294K [0x00000000a0000000, 0x00000000a6380000, 0x00000000e0000000)
  object space 101888K, 15% used [0x00000000a0000000,0x00000000a0fe9b90,0x00000000a6380000)
 Metaspace       used 50029K, capacity 51615K, committed 51840K, reserved 1093632K
  class space    used 6911K, capacity 7272K, committed 7296K, reserved 1048576K
Event: 11.943 GC heap after
Heap after GC invocations=12 (full 2):
 PSYoungGen      total 175104K, used 12800K [0x00000000e0000000, 0x00000000ec500000, 0x0000000100000000)
  eden space 162304K, 0% used [0x00000000e0000000,0x00000000e0000000,0x00000000e9e80000)
  from space 12800K, 100% used [0x00000000eaf00000,0x00000000ebb80000,0x00000000ebb80000)
  to   space 16896K, 0% used [0x00000000e9e80000,0x00000000e9e80000,0x00000000eaf00000)
 ParOldGen       total 101888K, used 24769K [0x00000000a0000000, 0x00000000a6380000, 0x00000000e0000000)
  object space 101888K, 24% used [0x00000000a0000000,0x00000000a18304a0,0x00000000a6380000)
 Metaspace       used 50029K, capacity 51615K, committed 51840K, reserved 1093632K
  class space    used 6911K, capacity 7272K, committed 7296K, reserved 1048576K
}
Event: 12.788 GC heap before
{Heap before GC invocations=13 (full 2):
 PSYoungGen      total 175104K, used 78978K [0x00000000e0000000, 0x00000000ec500000, 0x0000000100000000)
  eden space 162304K, 40% used [0x00000000e0000000,0x00000000e40a0b28,0x00000000e9e80000)
  from space 12800K, 100% used [0x00000000eaf00000,0x00000000ebb80000,0x00000000ebb80000)
  to   space 16896K, 0% used [0x00000000e9e80000,0x00000000e9e80000,0x00000000eaf00000)
 ParOldGen       total 101888K, used 24769K [0x00000000a0000000, 0x00000000a6380000, 0x00000000e0000000)
  object space 101888K, 24% used [0x00000000a0000000,0x00000000a18304a0,0x00000000a6380000)
 Metaspace       used 52010K, capacity 54041K, committed 54144K, reserved 1095680K
  class space    used 7276K, capacity 7722K, committed 7808K, reserved 1048576K
Event: 12.836 GC heap after
Heap after GC invocations=13 (full 2):
 PSYoungGen      total 179200K, used 16865K [0x00000000e0000000, 0x00000000ecd00000, 0x0000000100000000)
  eden space 162304K, 0% used [0x00000000e0000000,0x00000000e0000000,0x00000000e9e80000)
  from space 16896K, 99% used [0x00000000e9e80000,0x00000000eaef8648,0x00000000eaf00000)
  to   space 20992K, 0% used [0x00000000eb880000,0x00000000eb880000,0x00000000ecd00000)
 ParOldGen       total 101888K, used 30419K [0x00000000a0000000, 0x00000000a6380000, 0x00000000e0000000)
  object space 101888K, 29% used [0x00000000a0000000,0x00000000a1db4d80,0x00000000a6380000)
 Metaspace       used 52010K, capacity 54041K, committed 54144K, reserved 1095680K
  class space    used 7276K, capacity 7722K, committed 7808K, reserved 1048576K
}
Event: 12.836 GC heap before
{Heap before GC invocations=14 (full 3):
 PSYoungGen      total 179200K, used 16865K [0x00000000e0000000, 0x00000000ecd00000, 0x0000000100000000)
  eden space 162304K, 0% used [0x00000000e0000000,0x00000000e0000000,0x00000000e9e80000)
  from space 16896K, 99% used [0x00000000e9e80000,0x00000000eaef8648,0x00000000eaf00000)
  to   space 20992K, 0% used [0x00000000eb880000,0x00000000eb880000,0x00000000ecd00000)
 ParOldGen       total 101888K, used 30419K [0x00000000a0000000, 0x00000000a6380000, 0x00000000e0000000)
  object space 101888K, 29% used [0x00000000a0000000,0x00000000a1db4d80,0x00000000a6380000)
 Metaspace       used 52010K, capacity 54041K, committed 54144K, reserved 1095680K
  class space    used 7276K, capacity 7722K, committed 7808K, reserved 1048576K
Event: 13.200 GC heap after
Heap after GC invocations=14 (full 3):
 PSYoungGen      total 179200K, used 0K [0x00000000e0000000, 0x00000000ecd00000, 0x0000000100000000)
  eden space 162304K, 0% used [0x00000000e0000000,0x00000000e0000000,0x00000000e9e80000)
  from space 16896K, 0% used [0x00000000e9e80000,0x00000000e9e80000,0x00000000eaf00000)
  to   space 20992K, 0% used [0x00000000eb880000,0x00000000eb880000,0x00000000ecd00000)
 ParOldGen       total 101888K, used 44568K [0x00000000a0000000, 0x00000000a6380000, 0x00000000e0000000)
  object space 101888K, 43% used [0x00000000a0000000,0x00000000a2b86288,0x00000000a6380000)
 Metaspace       used 52010K, capacity 54041K, committed 54144K, reserved 1095680K
  class space    used 7276K, capacity 7722K, committed 7808K, reserved 1048576K
}
Event: 22.741 GC heap before
{Heap before GC invocations=15 (full 3):
 PSYoungGen      total 179200K, used 162304K [0x00000000e0000000, 0x00000000ecd00000, 0x0000000100000000)
  eden space 162304K, 100% used [0x00000000e0000000,0x00000000e9e80000,0x00000000e9e80000)
  from space 16896K, 0% used [0x00000000e9e80000,0x00000000e9e80000,0x00000000eaf00000)
  to   space 20992K, 0% used [0x00000000eb880000,0x00000000eb880000,0x00000000ecd00000)
 ParOldGen       total 101888K, used 44568K [0x00000000a0000000, 0x00000000a6380000, 0x00000000e0000000)
  object space 101888K, 43% used [0x00000000a0000000,0x00000000a2b86288,0x00000000a6380000)
 Metaspace       used 56122K, capacity 58241K, committed 58368K, reserved 1099776K
  class space    used 7735K, capacity 8188K, committed 8192K, reserved 1048576K
Event: 22.752 GC heap after
Heap after GC invocations=15 (full 3):
 PSYoungGen      total 189440K, used 8730K [0x00000000e0000000, 0x00000000eec00000, 0x0000000100000000)
  eden space 168448K, 0% used [0x00000000e0000000,0x00000000e0000000,0x00000000ea480000)
  from space 20992K, 41% used [0x00000000eb880000,0x00000000ec1068f8,0x00000000ecd00000)
  to   space 20480K, 0% used [0x00000000ea480000,0x00000000ea480000,0x00000000eb880000)
 ParOldGen       total 101888K, used 44576K [0x00000000a0000000, 0x00000000a6380000, 0x00000000e0000000)
  object space 101888K, 43% used [0x00000000a0000000,0x00000000a2b88288,0x00000000a6380000)
 Metaspace       used 56122K, capacity 58241K, committed 58368K, reserved 1099776K
  class space    used 7735K, capacity 8188K, committed 8192K, reserved 1048576K
}
Event: 243.970 GC heap before
{Heap before GC invocations=16 (full 3):
 PSYoungGen      total 189440K, used 177178K [0x00000000e0000000, 0x00000000eec00000, 0x0000000100000000)
  eden space 168448K, 100% used [0x00000000e0000000,0x00000000ea480000,0x00000000ea480000)
  from space 20992K, 41% used [0x00000000eb880000,0x00000000ec1068f8,0x00000000ecd00000)
  to   space 20480K, 0% used [0x00000000ea480000,0x00000000ea480000,0x00000000eb880000)
 ParOldGen       total 101888K, used 44576K [0x00000000a0000000, 0x00000000a6380000, 0x00000000e0000000)
  object space 101888K, 43% used [0x00000000a0000000,0x00000000a2b88288,0x00000000a6380000)
 Metaspace       used 57703K, capacity 60109K, committed 60160K, reserved 1101824K
  class space    used 7915K, capacity 8434K, committed 8448K, reserved 1048576K
Event: 243.994 GC heap after
Heap after GC invocations=16 (full 3):
 PSYoungGen      total 188928K, used 11540K [0x00000000e0000000, 0x00000000eec00000, 0x0000000100000000)
  eden space 168448K, 0% used [0x00000000e0000000,0x00000000e0000000,0x00000000ea480000)
  from space 20480K, 56% used [0x00000000ea480000,0x00000000eafc5060,0x00000000eb880000)
  to   space 19968K, 0% used [0x00000000ed880000,0x00000000ed880000,0x00000000eec00000)
 ParOldGen       total 101888K, used 44584K [0x00000000a0000000, 0x00000000a6380000, 0x00000000e0000000)
  object space 101888K, 43% used [0x00000000a0000000,0x00000000a2b8a288,0x00000000a6380000)
 Metaspace       used 57703K, capacity 60109K, committed 60160K, reserved 1101824K
  class space    used 7915K, capacity 8434K, committed 8448K, reserved 1048576K
}

Deoptimization events (10 events):
Event: 246.456 Thread 0x0000000018bed800 Uncommon trap: reason=bimorphic action=maybe_recompile pc=0x0000000004dbe534 method=com.sun.org.apache.xerces.internal.dom.ParentNode.checkNormalizationAfterInsert(Lcom/sun/org/apache/xerces/internal/dom/ChildNode;)V @ 23
Event: 246.456 Thread 0x0000000018bed800 Uncommon trap: reason=bimorphic action=maybe_recompile pc=0x0000000004dbe534 method=com.sun.org.apache.xerces.internal.dom.ParentNode.checkNormalizationAfterInsert(Lcom/sun/org/apache/xerces/internal/dom/ChildNode;)V @ 23
Event: 246.480 Thread 0x0000000018bf7800 Uncommon trap: reason=unstable_if action=reinterpret pc=0x00000000041d2bd0 method=java.util.regex.Matcher.appendReplacement(Ljava/lang/StringBuffer;Ljava/lang/String;)Ljava/util/regex/Matcher; @ 47
Event: 246.573 Thread 0x0000000018bed800 Uncommon trap: reason=class_check action=maybe_recompile pc=0x0000000004e9f340 method=com.sun.org.apache.xerces.internal.dom.NamedNodeMapImpl.item(I)Lorg/w3c/dom/Node; @ 33
Event: 246.573 Thread 0x0000000018bed800 Uncommon trap: reason=class_check action=maybe_recompile pc=0x0000000004e9f340 method=com.sun.org.apache.xerces.internal.dom.NamedNodeMapImpl.item(I)Lorg/w3c/dom/Node; @ 33
Event: 246.573 Thread 0x0000000018bed800 Uncommon trap: reason=class_check action=maybe_recompile pc=0x0000000004e9f340 method=com.sun.org.apache.xerces.internal.dom.NamedNodeMapImpl.item(I)Lorg/w3c/dom/Node; @ 33
Event: 246.573 Thread 0x0000000018bed800 Uncommon trap: reason=class_check action=maybe_recompile pc=0x0000000004e9f340 method=com.sun.org.apache.xerces.internal.dom.NamedNodeMapImpl.item(I)Lorg/w3c/dom/Node; @ 33
Event: 247.020 Thread 0x0000000018bed800 Uncommon trap: reason=null_check action=make_not_entrant pc=0x00000000043adb2c method=com.android.ide.common.res2.NodeUtils.processSingleNodeNamespace(Lorg/w3c/dom/Node;Lorg/w3c/dom/Document;)Z @ 8
Event: 247.231 Thread 0x0000000018bf3800 Uncommon trap: reason=unstable_if action=reinterpret pc=0x000000000399d600 method=java.util.concurrent.ConcurrentHashMap.get(Ljava/lang/Object;)Ljava/lang/Object; @ 86
Event: 247.662 Thread 0x0000000018bf1800 Uncommon trap: reason=unstable_if action=reinterpret pc=0x0000000003df7d00 method=java.util.concurrent.locks.ReentrantLock$Sync.nonfairTryAcquire(I)Z @ 19

Internal exceptions (10 events):
Event: 228.054 Thread 0x0000000018bed800 Exception <a 'java/lang/ClassNotFoundException': com/android/build/gradle/tasks/CheckManifestInInstantRunModeBeanInfo> (0x00000000e6e83678) thrown at [C:\re\workspace\8-2-build-windows-amd64-cygwin\jdk8u74\6087\hotspot\src\share\vm\classfile\systemDictiona«k˙⁄ΩÅl@
Event: 228.054 Thread 0x0000000018bed800 Exception <a 'java/lang/ClassNotFoundException': com/android/build/gradle/tasks/CheckManifestInInstantRunModeCustomizer> (0x00000000e6e977d0) thrown at [C:\re\workspace\8-2-build-windows-amd64-cygwin\jdk8u74\6087\hotspot\src\share\vm\classfile\systemDictioı'–”Ål@
Event: 228.057 Thread 0x0000000018bed800 Exception <a 'java/lang/ClassNotFoundException': com/android/build/gradle/tasks/CheckManifestInInstantRunMode_DecoratedCustomizer> (0x00000000e6ec12b8) thrown at [C:\re\workspace\8-2-build-windows-amd64-cygwin\jdk8u74\6087\hotspot\src\share\vm\classfile\sy†*‡_YÇl@
Event: 228.073 Thread 0x0000000018bed800 Exception <a 'java/lang/ClassNotFoundException': com/android/build/gradle/tasks/fd/GenerateInstantRunAppInfoTask_DecoratedBeanInfo> (0x00000000e6fe43c8) thrown at [C:\re\workspace\8-2-build-windows-amd64-cygwin\jdk8u74\6087\hotspot\src\share\vm\classfile\s2_¿ÿ`Çl@
Event: 228.074 Thread 0x0000000018bed800 Exception <a 'java/lang/ClassNotFoundException': com/android/build/gradle/tasks/fd/GenerateInstantRunAppInfoTaskBeanInfo> (0x00000000e6ff8908) thrown at [C:\re\workspace\8-2-build-windows-amd64-cygwin\jdk8u74\6087\hotspot\src\share\vm\classfile\systemDicti¬·A;fÇl@
Event: 228.075 Thread 0x0000000018bed800 Exception <a 'java/lang/ClassNotFoundException': com/android/build/gradle/tasks/fd/GenerateInstantRunAppInfoTaskCustomizer> (0x00000000e700d218) thrown at [C:\re\workspace\8-2-build-windows-amd64-cygwin\jdk8u74\6087\hotspot\src\share\vm\classfile\systemDic
Event: 228.077 Thread 0x0000000018bed800 Exception <a 'java/lang/ClassNotFoundException': com/android/build/gradle/tasks/fd/GenerateInstantRunAppInfoTask_DecoratedCustomizer> (0x00000000e7035868) thrown at [C:\re\workspace\8-2-build-windows-amd64-cygwin\jdk8u74\6087\hotspot\src\share\vm\classfileÍ”Í{m@
Event: 235.845 Thread 0x0000000018bed800 Exception <a 'java/lang/ClassNotFoundException': com/android/build/gradle/internal/LibraryCache$1BeanInfo> (0x00000000e8035688) thrown at [C:\re\workspace\8-2-build-windows-amd64-cygwin\jdk8u74\6087\hotspot\src\share\vm\classfile\systemDictionary.cpp, line„"„^
{m@
Event: 235.845 Thread 0x0000000018bed800 Exception <a 'java/lang/ClassNotFoundException': com/android/build/gradle/internal/LibraryCache$1Customizer> (0x00000000e8045f20) thrown at [C:\re\workspace\8-2-build-windows-amd64-cygwin\jdk8u74\6087\hotspot\src\share\vm\classfile\systemDictionary.cpp, li ™wÓü‡n@
Event: 247.020 Thread 0x0000000018bed800 Implicit null exception at 0x00000000043ad9d7 to 0x00000000043adb1b

Events (10 events):
Event: 247.662 Thread 0x0000000018bf1800 DEOPT PACKING pc=0x0000000003df7d00 sp=0x000000002305f0b0
Event: 247.662 Thread 0x0000000018bf1800 DEOPT UNPACKING pc=0x000000000329582a sp=0x000000002305efd0 mode 2
Event: 247.671 Thread 0x000000001cbb2800 DEOPT PACKING pc=0x000000000430876e sp=0x000000002555f180
Event: 247.671 Thread 0x000000001cbb2800 DEOPT UNPACKING pc=0x000000000329787f sp=0x000000002555ef88 mode 0
Event: 247.820 Executing VM operation: RevokeBias
Event: 247.820 Executing VM operation: RevokeBias done
Event: 247.826 Executing VM operation: RevokeBias
Event: 247.826 Executing VM operation: RevokeBias done
Event: 247.929 Executing VM operation: RevokeBias
Event: 247.929 Executing VM operation: RevokeBias done


Dynamic libraries:
0x00007ff6d5480000 - 0x00007ff6d54b7000 	D:\program file\Java\jdk1.8.0_74\bin\java.exe
0x00007ff8cdbe0000 - 0x00007ff8cdda1000 	C:\WINDOWS\SYSTEM32\ntdll.dll
0x00007ff8cd1a0000 - 0x00007ff8cd24d000 	C:\WINDOWS\system32\KERNEL32.DLL
0x00007ff8ca2d0000 - 0x00007ff8ca4b8000 	C:\WINDOWS\system32\KERNELBASE.dll
0x00007ff8cdad0000 - 0x00007ff8cdb77000 	C:\WINDOWS\system32\ADVAPI32.dll
0x00007ff8cd920000 - 0x00007ff8cd9bd000 	C:\WINDOWS\system32\msvcrt.dll
0x00007ff8cda70000 - 0x00007ff8cdacb000 	C:\WINDOWS\system32\sechost.dll
0x00007ff8cc870000 - 0x00007ff8cc98c000 	C:\WINDOWS\system32\RPCRT4.dll
0x00007ff8cafc0000 - 0x00007ff8cb116000 	C:\WINDOWS\system32\USER32.dll
0x00007ff8cb180000 - 0x00007ff8cb306000 	C:\WINDOWS\system32\GDI32.dll
0x00007ff8bad90000 - 0x00007ff8bb004000 	C:\WINDOWS\WinSxS\amd64_microsoft.windows.common-controls_6595b64144ccf1df_6.0.10586.494_none_a2d8b04ea53e3145\COMCTL32.dll
0x00007ff8ccf20000 - 0x00007ff8cd19d000 	C:\WINDOWS\system32\combase.dll
0x00007ff8ca4c0000 - 0x00007ff8ca52a000 	C:\WINDOWS\system32\bcryptPrimitives.dll
0x00007ff8ccaa0000 - 0x00007ff8ccadb000 	C:\WINDOWS\system32\IMM32.DLL
0x000000006db30000 - 0x000000006dc02000 	D:\program file\Java\jdk1.8.0_74\jre\bin\msvcr100.dll
0x000000006d2a0000 - 0x000000006db30000 	D:\program file\Java\jdk1.8.0_74\jre\bin\server\jvm.dll
0x00007ff8ccd90000 - 0x00007ff8ccd98000 	C:\WINDOWS\system32\PSAPI.DLL
0x00007ff8c88e0000 - 0x00007ff8c8903000 	C:\WINDOWS\SYSTEM32\WINMM.dll
0x00007ff8bbd40000 - 0x00007ff8bbd4a000 	C:\WINDOWS\SYSTEM32\VERSION.dll
0x00007ff8bc120000 - 0x00007ff8bc129000 	C:\WINDOWS\SYSTEM32\WSOCK32.dll
0x00007ff8cd2d0000 - 0x00007ff8cd33b000 	C:\WINDOWS\system32\WS2_32.dll
0x0000000002ba0000 - 0x0000000002bcc000 	C:\WINDOWS\SYSTEM32\WINMMBASE.dll
0x00007ff8ca750000 - 0x00007ff8ca793000 	C:\WINDOWS\system32\cfgmgr32.dll
0x0000000071660000 - 0x000000007166f000 	D:\program file\Java\jdk1.8.0_74\jre\bin\verify.dll
0x00000000713b0000 - 0x00000000713d9000 	D:\program file\Java\jdk1.8.0_74\jre\bin\java.dll
0x0000000071640000 - 0x0000000071656000 	D:\program file\Java\jdk1.8.0_74\jre\bin\zip.dll
0x00007ff8cb310000 - 0x00007ff8cc86c000 	C:\WINDOWS\system32\SHELL32.dll
0x00007ff8ca970000 - 0x00007ff8cafb5000 	C:\WINDOWS\system32\windows.storage.dll
0x00007ff8cd250000 - 0x00007ff8cd2a2000 	C:\WINDOWS\system32\shlwapi.dll
0x00007ff8ca1f0000 - 0x00007ff8ca1ff000 	C:\WINDOWS\system32\kernel.appcore.dll
0x00007ff8ca530000 - 0x00007ff8ca5e5000 	C:\WINDOWS\system32\shcore.dll
0x00007ff8ca220000 - 0x00007ff8ca26b000 	C:\WINDOWS\system32\powrprof.dll
0x00007ff8ca200000 - 0x00007ff8ca214000 	C:\WINDOWS\system32\profapi.dll
0x0000000070ae0000 - 0x0000000070afa000 	D:\program file\Java\jdk1.8.0_74\jre\bin\net.dll
0x00007ff8c9b10000 - 0x00007ff8c9b6c000 	C:\WINDOWS\system32\mswsock.dll
0x0000000070720000 - 0x0000000070731000 	D:\program file\Java\jdk1.8.0_74\jre\bin\nio.dll
0x00007ff89e2a0000 - 0x00007ff89e2b2000 	C:\Users\ele\.gradle\native\19\windows-amd64\native-platform.dll
0x00007ff8c9bc0000 - 0x00007ff8c9bd7000 	C:\WINDOWS\SYSTEM32\CRYPTSP.dll
0x00007ff8c9850000 - 0x00007ff8c9884000 	C:\WINDOWS\system32\rsaenh.dll
0x00007ff8c9de0000 - 0x00007ff8c9e09000 	C:\WINDOWS\SYSTEM32\bcrypt.dll
0x00007ff8c99a0000 - 0x00007ff8c99bf000 	C:\WINDOWS\SYSTEM32\USERENV.dll
0x00007ff8c9ce0000 - 0x00007ff8c9ceb000 	C:\WINDOWS\SYSTEM32\CRYPTBASE.dll
0x00007ff8c2b60000 - 0x00007ff8c2b98000 	C:\WINDOWS\SYSTEM32\IPHLPAPI.DLL
0x00007ff8ccbb0000 - 0x00007ff8ccbb8000 	C:\WINDOWS\system32\NSI.dll
0x00007ff8c22b0000 - 0x00007ff8c22c6000 	C:\WINDOWS\SYSTEM32\dhcpcsvc6.DLL
0x00007ff8c2280000 - 0x00007ff8c229a000 	C:\WINDOWS\SYSTEM32\dhcpcsvc.DLL
0x0000000070710000 - 0x000000007071d000 	D:\program file\Java\jdk1.8.0_74\jre\bin\management.dll

VM Arguments:
jvm_args: -Xmx1536m -Dfile.encoding=GBK -Duser.country=CN -Duser.language=zh -Duser.variant 
java_command: org.gradle.launcher.daemon.bootstrap.GradleDaemon 2.14.1
java_class_path (initial): D:\program file\Android\android-studio\gradle\gradle-2.14.1\lib\gradle-launcher-2.14.1.jar
Launcher Type: SUN_STANDARD

Environment Variables:
JAVA_HOME=D:\program file\Java\jdk1.8.0_74
CLASSPATH=.;..;D:\test\TIJ4-Solutions\code;
PATH=C:\Program Files (x86)\Intel\iCLS Client\;C:\Program Files\Intel\iCLS Client\;C:\ProgramData\Oracle\Java\javapath;C:\WINDOWS\system32;C:\WINDOWS;C:\WINDOWS\System32\Wbem;C:\WINDOWS\System32\WindowsPowerShell\v1.0\;C:\Program Files\Intel\WiFi\bin\;C:\Program Files\Common Files\Intel\WirelessCommon\;C:\Program Files (x86)\AMD\ATI.ACE\Core-Static;D:\program file\Java\jdk1.8.0_112\bin;D:\program file\Java\jdk1.8.0_112\jre\bin;C:\Program Files\Intel\Intel(R) Management Engine Components\DAL;C:\Program Files (x86)\Intel\Intel(R) Management Engine Components\DAL;C:\Program Files\Intel\Intel(R) Management Engine Components\IPT;C:\Program Files (x86)\Intel\Intel(R) Management Engine Components\IPT;C:\Program Files\mysql-5.7.16-winx64\bin;C:\Program Files\Intel\WiFi\bin\;C:\Program Files\Common Files\Intel\WirelessCommon\;C:\Program Files\mysql-5.7.16-winx64\bin
USERNAME=ele
OS=Windows_NT
PROCESSOR_IDENTIFIER=Intel64 Family 6 Model 61 Stepping 4, GenuineIntel



---------------  S Y S T E M  ---------------

OS: Windows 10.0 , 64 bit Build 10586 (10.0.10586.0)

CPU:total 4 (2 cores per cpu, 2 threads per core) family 6 model 61 stepping 4, cmov, cx8, fxsr, mmx, sse, sse2, sse3, ssse3, sse4.1, sse4.2, popcnt, avx, avx2, aes, clmul, erms, rtm, 3dnowpref, lzcnt, ht, tsc, tscinvbit, bmi1, bmi2, adx

Memory: 4k page, physical 8292268k(1106444k free), swap 8292268k(4084k free)

vm_info: Java HotSpot(TM) 64-Bit Server VM (25.74-b02) for windows-amd64 JRE (1.8.0_74-b02), built on Jan 29 2016 17:42:36 by "java_re" with MS VC++ 10.0 (VS2010)

time: Wed Nov 23 14:53:41 2016
elapsed time: 249 seconds (0d 0h 4m 9s)

